<?xml version="1.0" encoding="UTF-8"?>
<testng-results ignored="0" total="1" passed="1" failed="0" skipped="0">
  <reporter-output>
  </reporter-output>
  <suite started-at="2025-11-21T23:52:36 IST" name="Default suite" finished-at="2025-11-21T23:52:55 IST" duration-ms="18622">
    <groups>
    </groups>
    <test started-at="2025-11-21T23:52:36 IST" name="Default test" finished-at="2025-11-21T23:52:55 IST" duration-ms="18622">
      <class name="day1.Demo1">
        <test-method signature="testa(java.lang.String,java.lang.String)[pri:0, instance:day1.Demo1@765d7657]" started-at="2025-11-21T23:52:36 IST" name="testa" finished-at="2025-11-21T23:52:55 IST" duration-ms="18510" status="PASS">
          <params>
            <param index="0">
              <value>
                <![CDATA[http://localhost:4444]]>
              </value>
            </param>
            <param index="1">
              <value>
                <![CDATA[https://facebook.com]]>
              </value>
            </param>
          </params>
          <reporter-output>
          </reporter-output>
        </test-method> <!-- testa -->
      </class> <!-- day1.Demo1 -->
    </test> <!-- Default test -->
  </suite> <!-- Default suite -->
</testng-results>
