<?xml version="1.0" encoding="UTF-8"?>
<testng-results ignored="0" total="1" passed="1" failed="0" skipped="0">
  <reporter-output>
    <line>
      <![CDATA[Testamethod]]>
    </line>
  </reporter-output>
  <suite started-at="2025-09-20T15:26:41 IST" name="Suite" finished-at="2025-09-20T15:26:54 IST" duration-ms="12401">
    <groups>
    </groups>
    <test started-at="2025-09-20T15:26:41 IST" name="Test" finished-at="2025-09-20T15:26:54 IST" duration-ms="12401">
      <class name="day1.Demo1">
        <test-method signature="testa(java.lang.String)[pri:0, instance:day1.Demo1@62ddbd7e]" started-at="2025-09-20T15:26:41 IST" name="testa" finished-at="2025-09-20T15:26:54 IST" duration-ms="12313" status="PASS">
          <params>
            <param index="0">
              <value>
                <![CDATA[http://localhost:4444]]>
              </value>
            </param>
          </params>
          <reporter-output>
            <line>
              <![CDATA[Testamethod]]>
            </line>
          </reporter-output>
        </test-method> <!-- testa -->
      </class> <!-- day1.Demo1 -->
    </test> <!-- Test -->
  </suite> <!-- Suite -->
</testng-results>
